INFO:root:Beginning evaluate
INFO:root:Beginning evaluate
INFO:root:Beginning evaluate
INFO:root:Beginning evaluate
INFO:root:On epoch 0 total loss: 0.13223684187549764
INFO:root:On epoch 1 total loss: 0.09021763036699246
INFO:root:On epoch 2 total loss: 0.0823229341136525
INFO:root:On epoch 3 total loss: 0.0781400524022634
INFO:root:On epoch 4 total loss: 0.07121838946514727
INFO:root:On epoch 5 total loss: 0.07330424327622442
INFO:root:On epoch 6 total loss: 0.07236659162870758
INFO:root:On epoch 7 total loss: 0.07167760128407832
INFO:root:On epoch 8 total loss: 0.07332563685620075
INFO:root:On epoch 9 total loss: 0.06816521825750008
INFO:root:Beginning evaluate
INFO:root:Beginning evaluate
INFO:root:Beginning evaluate
INFO:root:Beginning evaluate
INFO:root:Beginning evaluate
INFO:root:Beginning evaluate
INFO:root:Beginning evaluate
INFO:root:Beginning evaluate
INFO:root:Beginning evaluate
INFO:root:Beginning evaluate
INFO:root:Beginning evaluate
INFO:root:Beginning evaluate
INFO:root:Beginning evaluate
INFO:root:Beginning evaluate
INFO:root:Beginning evaluate
INFO:root:Beginning evaluate
INFO:root:Beginning evaluate
INFO:root:Beginning evaluate
INFO:root:Beginning evaluate
INFO:root:Beginning evaluate
INFO:root:Beginning evaluate
INFO:root:Beginning evaluate
INFO:root:Beginning evaluate
INFO:root:Beginning evaluate
INFO:root:Beginning evaluate
INFO:root:Beginning evaluate
INFO:root:Beginning evaluate
INFO:root:Beginning evaluate
INFO:root:Beginning evaluate
INFO:root:Beginning evaluate
INFO:root:Beginning evaluate
INFO:root:Beginning evaluate
INFO:root:Beginning evaluate
INFO:root:Beginning evaluate
INFO:root:Beginning evaluate
INFO:root:Beginning evaluate
INFO:root:Beginning evaluate
INFO:root:Beginning evaluate
INFO:root:Beginning evaluate
INFO:root:Beginning evaluate
INFO:root:Beginning evaluate
INFO:root:Beginning evaluate
INFO:root:Beginning evaluate
INFO:root:Beginning evaluate
INFO:root:Beginning evaluate
INFO:root:Beginning evaluate
INFO:root:Beginning evaluate
INFO:root:On epoch 0 total loss: 0.112449956979231
INFO:root:On epoch 1 total loss: 0.0823538043224217
INFO:root:On epoch 0 total loss: 0.12118627166947221
INFO:root:On epoch 1 total loss: 0.04925167869613144
INFO:root:On epoch 0 total loss: 0.11832798695154857
INFO:root:On epoch 1 total loss: 0.04941944158741417
INFO:root:On epoch 0 total loss: 0.11749296291181989
INFO:root:On epoch 1 total loss: 0.05187956330233386
INFO:root:On epoch 0 total loss: 0.15278289377647267
INFO:root:Started training
INFO:root:Log from here...
INFO:root:On epoch 0 total train/validation loss: 0.1616172834059887/0.10401466875695266
INFO:root:VALIDATION, epoch 0: Mean sp_pred mcc for life groups: -1, -1, -1, -1
INFO:root:VALIDATION, epoch 0: Mean cs recall: 0.0, 0.0, 0.0, 0.0, 0.0, 0.0, 0.0, 0.0, 0.0, 0.0, 0.0, 0.0, 0.0, 0.0, 0.0, 0.0
INFO:root:VALIDATION, epoch 0 Mean cs precision: 0.0, 0.0, 0.0, 0.0, 0.0, 0.0, 0.0, 0.0, 0.0, 0.0, 0.0, 0.0, 0.0, 0.0, 0.0, 0.0
INFO:root:Started training
INFO:root:Log from here...
INFO:root:Started training
INFO:root:Log from here...
INFO:root:On epoch 0 total train/validation loss: 0.00439229166330633/0.0007498668313312989
INFO:root:VALIDATION, epoch 0: Mean sp_pred mcc for life groups: 0.2466955933502535, -1, -1, -1
INFO:root:VALIDATION, epoch 0: Mean cs recall: 0.0, 0.0, 0.0, 0.0, 0.0, 0.0, 0.0, 0.0, 0.0, 0.0, 0.0, 0.0, 0.0, 0.0, 0.0, 0.0
INFO:root:VALIDATION, epoch 0 Mean cs precision: 0.0, 0.0, 0.0, 0.0, 0.0, 0.0, 0.0, 0.0, 0.0, 0.0, 0.0, 0.0, 0.0, 0.0, 0.0, 0.0
INFO:root:Started training
INFO:root:Log from here...
INFO:root:On epoch 0 total train/validation loss: 0.078118350138428/0.04156462244617824
INFO:root:VALIDATION, epoch 0: Mean sp_pred mcc for life groups: 0.15694203221437453, -1, -1, -1
INFO:root:VALIDATION, epoch 0: Mean cs recall: 0.0, 0.0, 0.013986013986013986, 0.02097902097902098, 0.0, 0.0, 0.0, 0.0, 0.0, 0.0, 0.0, 0.0, 0.0, 0.0, 0.0, 0.0
INFO:root:VALIDATION, epoch 0 Mean cs precision: 0.0, 0.0, 1.0, 1.0, 0.0, 0.0, 0.0, 0.0, 0.0, 0.0, 0.0, 0.0, 0.0, 0.0, 0.0, 0.0
